2024-11-01 14:28:35 - HV000001: Hibernate Validator 8.0.1.Final
2024-11-01 14:28:35 - Starting SistemaPosBackApplication using Java 21.0.3 with PID 13660 (D:\Proyectos\sistema-pos-back\target\classes started by Diego in D:\Proyectos\sistema-pos-back)
2024-11-01 14:28:35 - No active profile set, falling back to 1 default profile: "default"
2024-11-01 14:28:35 - Devtools property defaults active! Set 'spring.devtools.add-properties' to 'false' to disable
2024-11-01 14:28:35 - For additional web related logging consider setting the 'logging.level.web' property to 'DEBUG'
2024-11-01 14:28:37 - Bootstrapping Spring Data JPA repositories in DEFAULT mode.
2024-11-01 14:28:37 - Finished Spring Data repository scanning in 107 ms. Found 17 JPA repository interfaces.
2024-11-01 14:28:38 - Tomcat initialized with port 8080 (http)
2024-11-01 14:28:38 - Initializing ProtocolHandler ["http-nio-8080"]
2024-11-01 14:28:38 - Starting service [Tomcat]
2024-11-01 14:28:38 - Starting Servlet engine: [Apache Tomcat/10.1.28]
2024-11-01 14:28:38 - Initializing Spring embedded WebApplicationContext
2024-11-01 14:28:38 - Root WebApplicationContext: initialization completed in 3112 ms
2024-11-01 14:28:38 - HHH000204: Processing PersistenceUnitInfo [name: default]
2024-11-01 14:28:38 - HHH000412: Hibernate ORM core version 6.5.2.Final
2024-11-01 14:28:38 - HHH000026: Second-level cache disabled
2024-11-01 14:28:39 - No LoadTimeWeaver setup: ignoring JPA class transformer
2024-11-01 14:28:39 - HikariPool-1 - Starting...
2024-11-01 14:28:39 - HikariPool-1 - Added connection org.postgresql.jdbc.PgConnection@81afb71
2024-11-01 14:28:39 - HikariPool-1 - Start completed.
2024-11-01 14:28:41 - HHH000489: No JTA platform available (set 'hibernate.transaction.jta.platform' to enable JTA platform integration)
2024-11-01 14:28:41 - Initialized JPA EntityManagerFactory for persistence unit 'default'
2024-11-01 14:28:42 - Hibernate is in classpath; If applicable, HQL parser will be used.
2024-11-01 14:28:43 - Global AuthenticationManager configured with AuthenticationProvider bean with name authenticationProvider
2024-11-01 14:28:43 - Global AuthenticationManager configured with an AuthenticationProvider bean. UserDetailsService beans will not be used for username/password login. Consider removing the AuthenticationProvider bean. Alternatively, consider using the UserDetailsService in a manually instantiated DaoAuthenticationProvider.
2024-11-01 14:28:43 - spring.jpa.open-in-view is enabled by default. Therefore, database queries may be performed during view rendering. Explicitly configure spring.jpa.open-in-view to disable this warning
2024-11-01 14:28:44 - Will secure any request with filters: DisableEncodeUrlFilter, WebAsyncManagerIntegrationFilter, SecurityContextHolderFilter, HeaderWriterFilter, LogoutFilter, JwtAuthenticationFilter, RequestCacheAwareFilter, SecurityContextHolderAwareRequestFilter, AnonymousAuthenticationFilter, SessionManagementFilter, ExceptionTranslationFilter, AuthorizationFilter
2024-11-01 14:28:44 - LiveReload server is running on port 35729
2024-11-01 14:28:44 - Starting ProtocolHandler ["http-nio-8080"]
2024-11-01 14:28:44 - Tomcat started on port 8080 (http) with context path '/'
2024-11-01 14:28:44 - Started SistemaPosBackApplication in 10.118 seconds (process running for 11.213)
2024-11-01 14:30:36 - Initializing Spring DispatcherServlet 'dispatcherServlet'
2024-11-01 14:30:36 - Initializing Servlet 'dispatcherServlet'
2024-11-01 14:30:36 - Completed initialization in 0 ms
2024-11-01 14:30:36 - Securing OPTIONS /pos/cliente
2024-11-01 14:30:36 - Securing OPTIONS /pos/cliente
2024-11-01 14:30:36 - Set SecurityContextHolder to anonymous SecurityContext
2024-11-01 14:30:36 - Set SecurityContextHolder to anonymous SecurityContext
2024-11-01 14:30:36 - Secured OPTIONS /pos/cliente
2024-11-01 14:30:36 - Secured OPTIONS /pos/cliente
2024-11-01 14:30:36 - Securing GET /pos/cliente
2024-11-01 14:30:36 - Secured GET /pos/cliente
2024-11-01 14:30:36 - Securing GET /pos/cliente
2024-11-01 14:30:36 - Secured GET /pos/cliente
2024-11-01 14:30:46 - Securing OPTIONS /pos/auth/login
2024-11-01 14:30:46 - Set SecurityContextHolder to anonymous SecurityContext
2024-11-01 14:30:46 - Secured OPTIONS /pos/auth/login
2024-11-01 14:30:46 - Securing POST /pos/auth/login
2024-11-01 14:30:46 - Set SecurityContextHolder to anonymous SecurityContext
2024-11-01 14:30:46 - Secured POST /pos/auth/login
2024-11-01 14:30:47 - Authenticated user
2024-11-01 14:30:48 - Securing GET /pos/cliente
2024-11-01 14:30:48 - Secured GET /pos/cliente
2024-11-01 14:30:48 - Securing GET /pos/cliente
2024-11-01 14:30:48 - Secured GET /pos/cliente
2024-11-01 14:30:50 - Securing OPTIONS /pos/proveedor
2024-11-01 14:30:50 - Securing OPTIONS /pos/proveedor
2024-11-01 14:30:50 - Set SecurityContextHolder to anonymous SecurityContext
2024-11-01 14:30:50 - Set SecurityContextHolder to anonymous SecurityContext
2024-11-01 14:30:50 - Secured OPTIONS /pos/proveedor
2024-11-01 14:30:50 - Secured OPTIONS /pos/proveedor
2024-11-01 14:30:50 - Securing GET /pos/proveedor
2024-11-01 14:30:50 - Secured GET /pos/proveedor
2024-11-01 14:30:50 - Securing GET /pos/proveedor
2024-11-01 14:30:50 - Secured GET /pos/proveedor
2024-11-01 14:30:52 - Securing OPTIONS /pos/sucursal
2024-11-01 14:30:52 - Securing OPTIONS /pos/sucursal
2024-11-01 14:30:52 - Set SecurityContextHolder to anonymous SecurityContext
2024-11-01 14:30:52 - Set SecurityContextHolder to anonymous SecurityContext
2024-11-01 14:30:52 - Secured OPTIONS /pos/sucursal
2024-11-01 14:30:52 - Secured OPTIONS /pos/sucursal
2024-11-01 14:30:52 - Securing GET /pos/sucursal
2024-11-01 14:30:52 - Secured GET /pos/sucursal
2024-11-01 14:30:52 - Securing GET /pos/sucursal
2024-11-01 14:30:52 - Secured GET /pos/sucursal
2024-11-01 14:31:00 - Securing OPTIONS /pos/sucursal
2024-11-01 14:31:00 - Set SecurityContextHolder to anonymous SecurityContext
2024-11-01 14:31:00 - Secured OPTIONS /pos/sucursal
2024-11-01 14:31:00 - Securing POST /pos/sucursal
2024-11-01 14:31:00 - Secured POST /pos/sucursal
2024-11-01 14:31:00 - Authorizing method invocation ReflectiveMethodInvocation: public org.springframework.http.ResponseEntity com.sistema.pos.controller.SucursalController.guardarSucursal(com.sistema.pos.dto.SucursalDTO,org.springframework.validation.BindingResult); target is of class [com.sistema.pos.controller.SucursalController]
2024-11-01 14:31:00 - Authorized method invocation ReflectiveMethodInvocation: public org.springframework.http.ResponseEntity com.sistema.pos.controller.SucursalController.guardarSucursal(com.sistema.pos.dto.SucursalDTO,org.springframework.validation.BindingResult); target is of class [com.sistema.pos.controller.SucursalController]
2024-11-01 14:31:00 - Evento registrado: Usuario: admin@gmail.com, IP: 0:0:0:0:0:0:0:1, Acción: save, Dispositivo: Mozilla/5.0 (Windows NT 10.0; Win64; x64) AppleWebKit/537.36 (KHTML, like Gecko) Chrome/130.0.0.0 Safari/537.36 Edg/130.0.0.0, Fecha: 2024-11-01T14:31:00.542116600
2024-11-01 14:31:00 - Securing GET /pos/sucursal
2024-11-01 14:31:00 - Secured GET /pos/sucursal
2024-11-01 14:31:27 - Securing OPTIONS /pos/user?search=
2024-11-01 14:31:27 - Securing OPTIONS /pos/rol
2024-11-01 14:31:27 - Set SecurityContextHolder to anonymous SecurityContext
2024-11-01 14:31:27 - Set SecurityContextHolder to anonymous SecurityContext
2024-11-01 14:31:27 - Secured OPTIONS /pos/rol
2024-11-01 14:31:27 - Secured OPTIONS /pos/user?search=
2024-11-01 14:31:27 - Securing OPTIONS /pos/rol
2024-11-01 14:31:27 - Securing OPTIONS /pos/user?search=
2024-11-01 14:31:27 - Set SecurityContextHolder to anonymous SecurityContext
2024-11-01 14:31:27 - Set SecurityContextHolder to anonymous SecurityContext
2024-11-01 14:31:27 - Secured OPTIONS /pos/rol
2024-11-01 14:31:27 - Secured OPTIONS /pos/user?search=
2024-11-01 14:31:27 - Securing GET /pos/user?search=
2024-11-01 14:31:27 - Securing GET /pos/rol
2024-11-01 14:31:27 - Secured GET /pos/rol
2024-11-01 14:31:27 - Securing GET /pos/rol
2024-11-01 14:31:27 - Secured GET /pos/user?search=
2024-11-01 14:31:27 - Authorizing method invocation ReflectiveMethodInvocation: public org.springframework.http.ResponseEntity com.sistema.pos.controller.UsuarioController.listarUsuarios(java.lang.String); target is of class [com.sistema.pos.controller.UsuarioController]
2024-11-01 14:31:27 - Secured GET /pos/rol
2024-11-01 14:31:27 - Authorized method invocation ReflectiveMethodInvocation: public org.springframework.http.ResponseEntity com.sistema.pos.controller.UsuarioController.listarUsuarios(java.lang.String); target is of class [com.sistema.pos.controller.UsuarioController]
2024-11-01 14:31:27 - Securing GET /pos/user?search=
2024-11-01 14:31:27 - Secured GET /pos/user?search=
2024-11-01 14:31:27 - Authorizing method invocation ReflectiveMethodInvocation: public org.springframework.http.ResponseEntity com.sistema.pos.controller.UsuarioController.listarUsuarios(java.lang.String); target is of class [com.sistema.pos.controller.UsuarioController]
2024-11-01 14:31:27 - Authorized method invocation ReflectiveMethodInvocation: public org.springframework.http.ResponseEntity com.sistema.pos.controller.UsuarioController.listarUsuarios(java.lang.String); target is of class [com.sistema.pos.controller.UsuarioController]
2024-11-01 14:31:28 - Securing GET /pos/cliente
2024-11-01 14:31:28 - Secured GET /pos/cliente
2024-11-01 14:31:28 - Securing GET /pos/cliente
2024-11-01 14:31:28 - Secured GET /pos/cliente
2024-11-01 14:31:40 - Securing OPTIONS /pos/cliente
2024-11-01 14:31:40 - Set SecurityContextHolder to anonymous SecurityContext
2024-11-01 14:31:40 - Secured OPTIONS /pos/cliente
2024-11-01 14:31:40 - Securing POST /pos/cliente
2024-11-01 14:31:40 - Secured POST /pos/cliente
2024-11-01 14:31:41 - Evento registrado: Usuario: admin@gmail.com, IP: 0:0:0:0:0:0:0:1, Acción: registrarCliente, Dispositivo: Mozilla/5.0 (Windows NT 10.0; Win64; x64) AppleWebKit/537.36 (KHTML, like Gecko) Chrome/130.0.0.0 Safari/537.36 Edg/130.0.0.0, Fecha: 2024-11-01T14:31:41.055152
2024-11-01 14:31:41 - Securing GET /pos/cliente
2024-11-01 14:31:41 - Secured GET /pos/cliente
2024-11-01 14:31:43 - Securing GET /pos/proveedor
2024-11-01 14:31:44 - Secured GET /pos/proveedor
2024-11-01 14:31:44 - Securing GET /pos/proveedor
2024-11-01 14:31:44 - Secured GET /pos/proveedor
2024-11-01 14:35:26 - Restarting due to 1 class path change (0 additions, 0 deletions, 1 modification)
2024-11-01 14:35:26 - Stopping ProtocolHandler ["http-nio-8080"]
2024-11-01 14:35:26 - Closing JPA EntityManagerFactory for persistence unit 'default'
2024-11-01 14:35:26 - HikariPool-1 - Shutdown initiated...
2024-11-01 14:35:26 - HikariPool-1 - Shutdown completed.
2024-11-01 14:35:27 - Starting SistemaPosBackApplication using Java 21.0.3 with PID 13660 (D:\Proyectos\sistema-pos-back\target\classes started by Diego in D:\Proyectos\sistema-pos-back)
2024-11-01 14:35:27 - No active profile set, falling back to 1 default profile: "default"
2024-11-01 14:35:28 - Bootstrapping Spring Data JPA repositories in DEFAULT mode.
2024-11-01 14:35:28 - Finished Spring Data repository scanning in 34 ms. Found 17 JPA repository interfaces.
2024-11-01 14:35:28 - Tomcat initialized with port 8080 (http)
2024-11-01 14:35:28 - Initializing ProtocolHandler ["http-nio-8080"]
2024-11-01 14:35:28 - Starting service [Tomcat]
2024-11-01 14:35:28 - Starting Servlet engine: [Apache Tomcat/10.1.28]
2024-11-01 14:35:28 - Initializing Spring embedded WebApplicationContext
2024-11-01 14:35:28 - Root WebApplicationContext: initialization completed in 1438 ms
2024-11-01 14:35:28 - HHH000204: Processing PersistenceUnitInfo [name: default]
2024-11-01 14:35:28 - HHH000026: Second-level cache disabled
2024-11-01 14:35:28 - No LoadTimeWeaver setup: ignoring JPA class transformer
2024-11-01 14:35:28 - HikariPool-2 - Starting...
2024-11-01 14:35:28 - HikariPool-2 - Added connection org.postgresql.jdbc.PgConnection@40eea0e
2024-11-01 14:35:28 - HikariPool-2 - Start completed.
2024-11-01 14:35:29 - HHH000489: No JTA platform available (set 'hibernate.transaction.jta.platform' to enable JTA platform integration)
2024-11-01 14:35:29 - Initialized JPA EntityManagerFactory for persistence unit 'default'
2024-11-01 14:35:29 - Global AuthenticationManager configured with AuthenticationProvider bean with name authenticationProvider
2024-11-01 14:35:29 - Global AuthenticationManager configured with an AuthenticationProvider bean. UserDetailsService beans will not be used for username/password login. Consider removing the AuthenticationProvider bean. Alternatively, consider using the UserDetailsService in a manually instantiated DaoAuthenticationProvider.
2024-11-01 14:35:29 - spring.jpa.open-in-view is enabled by default. Therefore, database queries may be performed during view rendering. Explicitly configure spring.jpa.open-in-view to disable this warning
2024-11-01 14:35:30 - Will secure any request with filters: DisableEncodeUrlFilter, WebAsyncManagerIntegrationFilter, SecurityContextHolderFilter, HeaderWriterFilter, LogoutFilter, JwtAuthenticationFilter, RequestCacheAwareFilter, SecurityContextHolderAwareRequestFilter, AnonymousAuthenticationFilter, SessionManagementFilter, ExceptionTranslationFilter, AuthorizationFilter
2024-11-01 14:35:30 - LiveReload server is running on port 35729
2024-11-01 14:35:30 - Starting ProtocolHandler ["http-nio-8080"]
2024-11-01 14:35:30 - Tomcat started on port 8080 (http) with context path '/'
2024-11-01 14:35:30 - Started SistemaPosBackApplication in 3.288 seconds (process running for 417.008)
2024-11-01 14:35:30 - Condition evaluation unchanged
2024-11-01 14:35:37 - Initializing Spring DispatcherServlet 'dispatcherServlet'
2024-11-01 14:35:37 - Initializing Servlet 'dispatcherServlet'
2024-11-01 14:35:37 - Completed initialization in 1 ms
2024-11-01 14:35:37 - Securing GET /pos/sucursal
2024-11-01 14:35:37 - Secured GET /pos/sucursal
2024-11-01 14:35:37 - Securing GET /pos/sucursal
2024-11-01 14:35:37 - Secured GET /pos/sucursal
2024-11-01 14:36:08 - Securing POST /pos/sucursal
2024-11-01 14:36:08 - Secured POST /pos/sucursal
2024-11-01 14:36:08 - Authorizing method invocation ReflectiveMethodInvocation: public org.springframework.http.ResponseEntity com.sistema.pos.controller.SucursalController.guardarSucursal(com.sistema.pos.dto.SucursalDTO,org.springframework.validation.BindingResult); target is of class [com.sistema.pos.controller.SucursalController]
2024-11-01 14:36:08 - Authorized method invocation ReflectiveMethodInvocation: public org.springframework.http.ResponseEntity com.sistema.pos.controller.SucursalController.guardarSucursal(com.sistema.pos.dto.SucursalDTO,org.springframework.validation.BindingResult); target is of class [com.sistema.pos.controller.SucursalController]
2024-11-01 14:36:08 - Securing GET /pos/sucursal
2024-11-01 14:36:08 - Secured GET /pos/sucursal
2024-11-01 14:36:10 - Securing OPTIONS /pos/permiso
2024-11-01 14:36:10 - Securing GET /pos/rol
2024-11-01 14:36:10 - Set SecurityContextHolder to anonymous SecurityContext
2024-11-01 14:36:10 - Secured OPTIONS /pos/permiso
2024-11-01 14:36:10 - Securing OPTIONS /pos/permiso
2024-11-01 14:36:10 - Set SecurityContextHolder to anonymous SecurityContext
2024-11-01 14:36:10 - Secured OPTIONS /pos/permiso
2024-11-01 14:36:10 - Securing GET /pos/permiso
2024-11-01 14:36:10 - Secured GET /pos/rol
2024-11-01 14:36:10 - Securing GET /pos/rol
2024-11-01 14:36:10 - Secured GET /pos/permiso
2024-11-01 14:36:10 - Securing GET /pos/permiso
2024-11-01 14:36:10 - Secured GET /pos/rol
2024-11-01 14:36:10 - Secured GET /pos/permiso
2024-11-01 14:36:11 - Securing GET /pos/permiso
2024-11-01 14:36:11 - Secured GET /pos/permiso
2024-11-01 14:36:11 - Securing GET /pos/permiso
2024-11-01 14:36:11 - Secured GET /pos/permiso
2024-11-01 14:36:12 - Securing GET /pos/proveedor
2024-11-01 14:36:12 - Secured GET /pos/proveedor
2024-11-01 14:36:12 - Securing GET /pos/proveedor
2024-11-01 14:36:12 - Secured GET /pos/proveedor
